<?xml version="1.0" encoding="UTF-8"?>
<!-- Generated by org.testng.reporters.JUnitXMLReporter -->
<testsuite ignored="0" hostname="DESKTOP-HPNOI30" failures="0" tests="3" name="Test" time="57.111" errors="0" timestamp="2023-02-07T16:04:51 IST">
  <testcase classname="com.mbm.maven.TC_Login" name="loginTest" time="56.774"/>
  <testcase classname="com.mbm.maven.AppTest" name="loginTest1" time="0.203"/>
  <testcase classname="com.mbm.maven.AppTest" name="loginTest2" time="0.005"/>
</testsuite> <!-- Test -->
