<?xml version="1.0" encoding="UTF-8"?>
<testng-results ignored="0" total="3" passed="3" failed="0" skipped="0">
  <reporter-output>
  </reporter-output>
  <suite started-at="2023-02-07T16:03:54 IST" name="Suite" finished-at="2023-02-07T16:04:51 IST" duration-ms="57111">
    <groups>
    </groups>
    <test started-at="2023-02-07T16:03:54 IST" name="Test" finished-at="2023-02-07T16:04:51 IST" duration-ms="57111">
      <class name="com.mbm.maven.TC_Login">
        <test-method signature="loginTest()[pri:0, instance:com.mbm.maven.TC_Login@10e31a9a]" started-at="2023-02-07T16:03:54 IST" name="loginTest" finished-at="2023-02-07T16:04:51 IST" duration-ms="56774" status="PASS">
          <reporter-output>
          </reporter-output>
        </test-method> <!-- loginTest -->
      </class> <!-- com.mbm.maven.TC_Login -->
      <class name="com.mbm.maven.AppTest">
        <test-method signature="loginTest1()[pri:0, instance:com.mbm.maven.AppTest@6adbc9d]" started-at="2023-02-07T16:04:51 IST" name="loginTest1" finished-at="2023-02-07T16:04:51 IST" duration-ms="203" status="PASS">
          <reporter-output>
          </reporter-output>
        </test-method> <!-- loginTest1 -->
        <test-method signature="loginTest2()[pri:0, instance:com.mbm.maven.AppTest@6adbc9d]" started-at="2023-02-07T16:04:51 IST" name="loginTest2" finished-at="2023-02-07T16:04:51 IST" duration-ms="5" status="PASS">
          <reporter-output>
          </reporter-output>
        </test-method> <!-- loginTest2 -->
      </class> <!-- com.mbm.maven.AppTest -->
    </test> <!-- Test -->
  </suite> <!-- Suite -->
</testng-results>
